#! /usr/bin/vvp
:ivl_version "12.0 (stable)";
:ivl_delay_selection "TYPICAL";
:vpi_time_precision + 0;
:vpi_module "/usr/lib64/ivl/system.vpi";
:vpi_module "/usr/lib64/ivl/vhdl_sys.vpi";
:vpi_module "/usr/lib64/ivl/vhdl_textio.vpi";
:vpi_module "/usr/lib64/ivl/v2005_math.vpi";
:vpi_module "/usr/lib64/ivl/va_math.vpi";
:vpi_module "/usr/lib64/ivl/v2009.vpi";
S_0x561e0d8a1670 .scope package, "$unit" "$unit" 2 1;
 .timescale 0 0;
S_0x561e0d8a1800 .scope module, "ALU" "ALU" 3 2;
 .timescale 0 0;
    .port_info 0 /INPUT 3 "alu_op1";
    .port_info 1 /INPUT 7 "alu_op2";
    .port_info 2 /INPUT 32 "s1";
    .port_info 3 /INPUT 32 "s2";
    .port_info 4 /OUTPUT 32 "res";
P_0x561e0d8cb590 .param/l "ALU_ADD" 1 3 12, C4<0000>;
P_0x561e0d8cb5d0 .param/l "ALU_AND" 1 3 16, C4<1110>;
P_0x561e0d8cb610 .param/l "ALU_OR" 1 3 15, C4<1100>;
P_0x561e0d8cb650 .param/l "ALU_SLL" 1 3 17, C4<0010>;
P_0x561e0d8cb690 .param/l "ALU_SLT" 1 3 20, C4<0100>;
P_0x561e0d8cb6d0 .param/l "ALU_SLTU" 1 3 21, C4<0110>;
P_0x561e0d8cb710 .param/l "ALU_SRA" 1 3 19, C4<1011>;
P_0x561e0d8cb750 .param/l "ALU_SRL" 1 3 18, C4<1010>;
P_0x561e0d8cb790 .param/l "ALU_SUB" 1 3 13, C4<0001>;
P_0x561e0d8cb7d0 .param/l "ALU_XOR" 1 3 14, C4<1000>;
v0x561e0d8cbc50_0 .net *"_ivl_1", 0 0, L_0x561e0d8f2e20;  1 drivers
v0x561e0d8f2690_0 .net "alu_op", 3 0, L_0x561e0d8f2ec0;  1 drivers
o0x7f2ea12fa078 .functor BUFZ 3, C4<zzz>; HiZ drive
v0x561e0d8f2770_0 .net "alu_op1", 2 0, o0x7f2ea12fa078;  0 drivers
o0x7f2ea12fa0a8 .functor BUFZ 7, C4<zzzzzzz>; HiZ drive
v0x561e0d8f2830_0 .net "alu_op2", 6 0, o0x7f2ea12fa0a8;  0 drivers
v0x561e0d8f2910_0 .var "res", 31 0;
o0x7f2ea12fa108 .functor BUFZ 32, C4<zzzzzzzzzzzzzzzzzzzzzzzzzzzzzzzz>; HiZ drive
v0x561e0d8f2a40_0 .net "s1", 31 0, o0x7f2ea12fa108;  0 drivers
v0x561e0d8f2b20_0 .net/s "s1s", 0 0, L_0x561e0d8f2f60;  1 drivers
o0x7f2ea12fa168 .functor BUFZ 32, C4<zzzzzzzzzzzzzzzzzzzzzzzzzzzzzzzz>; HiZ drive
v0x561e0d8f2be0_0 .net "s2", 31 0, o0x7f2ea12fa168;  0 drivers
v0x561e0d8f2cc0_0 .net/s "s2s", 0 0, L_0x561e0d8f3000;  1 drivers
E_0x561e0d8da900/0 .event anyedge, v0x561e0d8f2690_0, v0x561e0d8f2a40_0, v0x561e0d8f2be0_0, v0x561e0d8f2a40_0;
E_0x561e0d8da900/1 .event anyedge, v0x561e0d8f2a40_0, v0x561e0d8f2a40_0, v0x561e0d8f2b20_0, v0x561e0d8f2cc0_0;
E_0x561e0d8da900 .event/or E_0x561e0d8da900/0, E_0x561e0d8da900/1;
L_0x561e0d8f2e20 .part o0x7f2ea12fa0a8, 5, 1;
L_0x561e0d8f2ec0 .concat [ 1 3 0 0], L_0x561e0d8f2e20, o0x7f2ea12fa078;
L_0x561e0d8f2f60 .part o0x7f2ea12fa108, 0, 1;
L_0x561e0d8f3000 .part o0x7f2ea12fa168, 0, 1;
    .scope S_0x561e0d8a1800;
T_0 ;
Ewait_0 .event/or E_0x561e0d8da900, E_0x0;
    %wait Ewait_0;
    %load/vec4 v0x561e0d8f2690_0;
    %dup/vec4;
    %pushi/vec4 0, 0, 4;
    %cmp/u;
    %jmp/1 T_0.0, 6;
    %dup/vec4;
    %pushi/vec4 1, 0, 4;
    %cmp/u;
    %jmp/1 T_0.1, 6;
    %dup/vec4;
    %pushi/vec4 8, 0, 4;
    %cmp/u;
    %jmp/1 T_0.2, 6;
    %dup/vec4;
    %pushi/vec4 12, 0, 4;
    %cmp/u;
    %jmp/1 T_0.3, 6;
    %dup/vec4;
    %pushi/vec4 14, 0, 4;
    %cmp/u;
    %jmp/1 T_0.4, 6;
    %dup/vec4;
    %pushi/vec4 2, 0, 4;
    %cmp/u;
    %jmp/1 T_0.5, 6;
    %dup/vec4;
    %pushi/vec4 10, 0, 4;
    %cmp/u;
    %jmp/1 T_0.6, 6;
    %dup/vec4;
    %pushi/vec4 11, 0, 4;
    %cmp/u;
    %jmp/1 T_0.7, 6;
    %dup/vec4;
    %pushi/vec4 4, 0, 4;
    %cmp/u;
    %jmp/1 T_0.8, 6;
    %dup/vec4;
    %pushi/vec4 6, 0, 4;
    %cmp/u;
    %jmp/1 T_0.9, 6;
    %pushi/vec4 4294967295, 4294967295, 32;
    %store/vec4 v0x561e0d8f2910_0, 0, 32;
    %jmp T_0.11;
T_0.0 ;
    %load/vec4 v0x561e0d8f2a40_0;
    %load/vec4 v0x561e0d8f2be0_0;
    %add;
    %store/vec4 v0x561e0d8f2910_0, 0, 32;
    %jmp T_0.11;
T_0.1 ;
    %load/vec4 v0x561e0d8f2a40_0;
    %load/vec4 v0x561e0d8f2be0_0;
    %sub;
    %store/vec4 v0x561e0d8f2910_0, 0, 32;
    %jmp T_0.11;
T_0.2 ;
    %load/vec4 v0x561e0d8f2a40_0;
    %load/vec4 v0x561e0d8f2be0_0;
    %xor;
    %store/vec4 v0x561e0d8f2910_0, 0, 32;
    %jmp T_0.11;
T_0.3 ;
    %load/vec4 v0x561e0d8f2a40_0;
    %load/vec4 v0x561e0d8f2be0_0;
    %or;
    %store/vec4 v0x561e0d8f2910_0, 0, 32;
    %jmp T_0.11;
T_0.4 ;
    %load/vec4 v0x561e0d8f2a40_0;
    %load/vec4 v0x561e0d8f2be0_0;
    %and;
    %store/vec4 v0x561e0d8f2910_0, 0, 32;
    %jmp T_0.11;
T_0.5 ;
    %load/vec4 v0x561e0d8f2a40_0;
    %parti/s 31, 0, 2;
    %concati/vec4 0, 0, 1;
    %store/vec4 v0x561e0d8f2910_0, 0, 32;
    %jmp T_0.11;
T_0.6 ;
    %pushi/vec4 0, 0, 1;
    %load/vec4 v0x561e0d8f2a40_0;
    %parti/s 31, 1, 2;
    %concat/vec4; draw_concat_vec4
    %store/vec4 v0x561e0d8f2910_0, 0, 32;
    %jmp T_0.11;
T_0.7 ;
    %load/vec4 v0x561e0d8f2a40_0;
    %parti/s 1, 31, 6;
    %load/vec4 v0x561e0d8f2a40_0;
    %parti/s 31, 1, 2;
    %concat/vec4; draw_concat_vec4
    %store/vec4 v0x561e0d8f2910_0, 0, 32;
    %jmp T_0.11;
T_0.8 ;
    %load/vec4 v0x561e0d8f2b20_0;
    %load/vec4 v0x561e0d8f2cc0_0;
    %cmp/s;
    %flag_mov 8, 5;
    %jmp/0 T_0.12, 8;
    %pushi/vec4 1, 0, 32;
    %jmp/1 T_0.13, 8;
T_0.12 ; End of true expr.
    %pushi/vec4 0, 0, 32;
    %jmp/0 T_0.13, 8;
 ; End of false expr.
    %blend;
T_0.13;
    %store/vec4 v0x561e0d8f2910_0, 0, 32;
    %jmp T_0.11;
T_0.9 ;
    %load/vec4 v0x561e0d8f2a40_0;
    %load/vec4 v0x561e0d8f2be0_0;
    %cmp/u;
    %flag_mov 8, 5;
    %jmp/0 T_0.14, 8;
    %pushi/vec4 1, 0, 32;
    %jmp/1 T_0.15, 8;
T_0.14 ; End of true expr.
    %pushi/vec4 0, 0, 32;
    %jmp/0 T_0.15, 8;
 ; End of false expr.
    %blend;
T_0.15;
    %store/vec4 v0x561e0d8f2910_0, 0, 32;
    %jmp T_0.11;
T_0.11 ;
    %pop/vec4 1;
    %jmp T_0;
    .thread T_0, $push;
# The file index is used to find the file name in the following table.
:file_names 4;
    "N/A";
    "<interactive>";
    "-";
    "core/Execute/ALU.sv";
