#! /usr/bin/vvp
:ivl_version "12.0 (stable)";
:ivl_delay_selection "TYPICAL";
:vpi_time_precision + 0;
:vpi_module "/usr/lib64/ivl/system.vpi";
:vpi_module "/usr/lib64/ivl/vhdl_sys.vpi";
:vpi_module "/usr/lib64/ivl/vhdl_textio.vpi";
:vpi_module "/usr/lib64/ivl/v2005_math.vpi";
:vpi_module "/usr/lib64/ivl/va_math.vpi";
:vpi_module "/usr/lib64/ivl/v2009.vpi";
S_0x55e82f2485d0 .scope package, "$unit" "$unit" 2 1;
 .timescale 0 0;
S_0x55e82f248760 .scope module, "bpcache_tb" "bpcache_tb" 3 1;
 .timescale 0 0;
v0x55e82f2cf430_0 .net *"_ivl_2", 1 0, L_0x55e82f2cfd50;  1 drivers
v0x55e82f2cf530_0 .net *"_ivl_4", 9 0, L_0x55e82f2cfe50;  1 drivers
L_0x7fbeabb95018 .functor BUFT 1, C4<00>, C4<0>, C4<0>, C4<0>;
v0x55e82f2cf610_0 .net *"_ivl_7", 1 0, L_0x7fbeabb95018;  1 drivers
v0x55e82f2cf6d0_0 .var "addr", 7 0;
v0x55e82f2cf790_0 .net "branch", 0 0, v0x55e82f2ae2e0_0;  1 drivers
v0x55e82f2cf830_0 .var "clk", 0 0;
v0x55e82f2cf8d0_0 .var "dbg", 1 0;
v0x55e82f2cf970_0 .var "dbg2", 0 0;
v0x55e82f2cfa10_0 .var "did_branch", 0 0;
v0x55e82f2cfab0_0 .var/2s "i", 31 0;
v0x55e82f2cfb70_0 .var "rst_n", 0 0;
v0x55e82f2cfc10_0 .var "w_addr", 7 0;
v0x55e82f2cfcb0_0 .var "we", 0 0;
E_0x55e82f281c00 .event negedge, v0x55e82f2ae6d0_0;
E_0x55e82f282120 .event anyedge, L_0x55e82f2cfd50, v0x55e82f2ac7e0_0;
L_0x55e82f2cfd50 .array/port v0x55e82f2acbd0, L_0x55e82f2cfe50;
L_0x55e82f2cfe50 .concat [ 8 2 0 0], v0x55e82f2cf6d0_0, L_0x7fbeabb95018;
S_0x55e82f286150 .scope module, "bp" "bpcache" 3 18, 4 24 0, S_0x55e82f248760;
 .timescale 0 0;
    .port_info 0 /INPUT 1 "clk";
    .port_info 1 /INPUT 1 "rst_n";
    .port_info 2 /INPUT 8 "addr";
    .port_info 3 /OUTPUT 1 "branch";
    .port_info 4 /INPUT 8 "w_addr";
    .port_info 5 /INPUT 1 "did_branch";
    .port_info 6 /INPUT 1 "we";
v0x55e82f2ac7e0_0 .net "addr", 7 0, v0x55e82f2cf6d0_0;  1 drivers
v0x55e82f2acbd0 .array "arr", 255 0, 1 0;
v0x55e82f2ae2e0_0 .var "branch", 0 0;
v0x55e82f2ae6d0_0 .net "clk", 0 0, v0x55e82f2cf830_0;  1 drivers
v0x55e82f2afd60_0 .net "did_branch", 0 0, v0x55e82f2cfa10_0;  1 drivers
v0x55e82f26fca0_0 .var/2s "i", 31 0;
v0x55e82f26fd40_0 .net "rst_n", 0 0, v0x55e82f2cfb70_0;  1 drivers
v0x55e82f2cf1b0_0 .net "w_addr", 7 0, v0x55e82f2cfc10_0;  1 drivers
v0x55e82f2cf290_0 .net "we", 0 0, v0x55e82f2cfcb0_0;  1 drivers
E_0x55e82f26c2c0/0 .event negedge, v0x55e82f26fd40_0;
E_0x55e82f26c2c0/1 .event posedge, v0x55e82f2ae6d0_0;
E_0x55e82f26c2c0 .event/or E_0x55e82f26c2c0/0, E_0x55e82f26c2c0/1;
    .scope S_0x55e82f286150;
T_0 ;
    %wait E_0x55e82f26c2c0;
    %load/vec4 v0x55e82f26fd40_0;
    %nor/r;
    %flag_set/vec4 8;
    %jmp/0xz  T_0.0, 8;
    %pushi/vec4 0, 0, 1;
    %assign/vec4 v0x55e82f2ae2e0_0, 0;
    %jmp T_0.1;
T_0.0 ;
    %load/vec4 v0x55e82f2ac7e0_0;
    %pad/u 10;
    %ix/vec4 4;
    %load/vec4a v0x55e82f2acbd0, 4;
    %parti/s 1, 1, 2;
    %assign/vec4 v0x55e82f2ae2e0_0, 0;
T_0.1 ;
    %jmp T_0;
    .thread T_0;
    .scope S_0x55e82f286150;
T_1 ;
    %wait E_0x55e82f26c2c0;
    %load/vec4 v0x55e82f26fd40_0;
    %nor/r;
    %flag_set/vec4 8;
    %jmp/0xz  T_1.0, 8;
    %pushi/vec4 0, 0, 32;
    %store/vec4 v0x55e82f26fca0_0, 0, 32;
T_1.2 ;
    %load/vec4 v0x55e82f26fca0_0;
    %cmpi/s 255, 0, 32;
    %jmp/0xz T_1.3, 5;
    %pushi/vec4 1, 0, 2;
    %ix/getv/s 3, v0x55e82f26fca0_0;
    %ix/load 4, 0, 0; Constant delay
    %assign/vec4/a/d v0x55e82f2acbd0, 0, 4;
    ; show_stmt_assign_vector: Get l-value for compressed += operand
    %load/vec4 v0x55e82f26fca0_0;
    %pushi/vec4 1, 0, 32;
    %add;
    %cast2;
    %store/vec4 v0x55e82f26fca0_0, 0, 32;
    %jmp T_1.2;
T_1.3 ;
    %jmp T_1.1;
T_1.0 ;
    %load/vec4 v0x55e82f2cf290_0;
    %flag_set/vec4 8;
    %jmp/0xz  T_1.4, 8;
    %load/vec4 v0x55e82f2afd60_0;
    %flag_set/vec4 8;
    %jmp/0xz  T_1.6, 8;
    %load/vec4 v0x55e82f2cf1b0_0;
    %pad/u 10;
    %ix/vec4 4;
    %load/vec4a v0x55e82f2acbd0, 4;
    %cmpi/e 3, 0, 2;
    %flag_mov 8, 4;
    %jmp/0 T_1.8, 8;
    %pushi/vec4 3, 0, 2;
    %jmp/1 T_1.9, 8;
T_1.8 ; End of true expr.
    %load/vec4 v0x55e82f2cf1b0_0;
    %pad/u 10;
    %ix/vec4 4;
    %load/vec4a v0x55e82f2acbd0, 4;
    %addi 1, 0, 2;
    %jmp/0 T_1.9, 8;
 ; End of false expr.
    %blend;
T_1.9;
    %load/vec4 v0x55e82f2cf1b0_0;
    %pad/u 10;
    %ix/vec4 3;
    %ix/load 4, 0, 0; Constant delay
    %assign/vec4/a/d v0x55e82f2acbd0, 0, 4;
    %jmp T_1.7;
T_1.6 ;
    %load/vec4 v0x55e82f2cf1b0_0;
    %pad/u 10;
    %ix/vec4 4;
    %load/vec4a v0x55e82f2acbd0, 4;
    %cmpi/e 0, 0, 2;
    %flag_mov 8, 4;
    %jmp/0 T_1.10, 8;
    %pushi/vec4 0, 0, 2;
    %jmp/1 T_1.11, 8;
T_1.10 ; End of true expr.
    %load/vec4 v0x55e82f2cf1b0_0;
    %pad/u 10;
    %ix/vec4 4;
    %load/vec4a v0x55e82f2acbd0, 4;
    %subi 1, 0, 2;
    %jmp/0 T_1.11, 8;
 ; End of false expr.
    %blend;
T_1.11;
    %load/vec4 v0x55e82f2cf1b0_0;
    %pad/u 10;
    %ix/vec4 3;
    %ix/load 4, 0, 0; Constant delay
    %assign/vec4/a/d v0x55e82f2acbd0, 0, 4;
T_1.7 ;
T_1.4 ;
T_1.1 ;
    %jmp T_1;
    .thread T_1;
    .scope S_0x55e82f248760;
T_2 ;
    %wait E_0x55e82f282120;
    %load/vec4 v0x55e82f2cf6d0_0;
    %pad/u 10;
    %ix/vec4 4;
    %load/vec4a v0x55e82f2acbd0, 4;
    %assign/vec4 v0x55e82f2cf8d0_0, 0;
    %load/vec4 v0x55e82f2cf8d0_0;
    %parti/s 1, 1, 2;
    %assign/vec4 v0x55e82f2cf970_0, 0;
    %jmp T_2;
    .thread T_2, $push;
    .scope S_0x55e82f248760;
T_3 ;
    %vpi_call/w 3 35 "$dumpfile", "test.vcd" {0 0 0};
    %vpi_call/w 3 36 "$dumpvars", 32'sb00000000000000000000000000000000, v0x55e82f2cf830_0, v0x55e82f2cf6d0_0, v0x55e82f2cfc10_0, v0x55e82f2cfa10_0, v0x55e82f2cfcb0_0, v0x55e82f2cf790_0, v0x55e82f2cf8d0_0, v0x55e82f2cf970_0 {0 0 0};
    %end;
    .thread T_3;
    .scope S_0x55e82f248760;
T_4 ;
    %pushi/vec4 0, 0, 1;
    %store/vec4 v0x55e82f2cf830_0, 0, 1;
    %pushi/vec4 0, 0, 1;
    %store/vec4 v0x55e82f2cfb70_0, 0, 1;
    %pushi/vec4 0, 0, 8;
    %store/vec4 v0x55e82f2cfc10_0, 0, 8;
    %pushi/vec4 0, 0, 1;
    %store/vec4 v0x55e82f2cfa10_0, 0, 1;
    %pushi/vec4 0, 0, 1;
    %store/vec4 v0x55e82f2cfcb0_0, 0, 1;
    %wait E_0x55e82f281c00;
    %wait E_0x55e82f281c00;
    %load/vec4 v0x55e82f2cf790_0;
    %cmpi/ne 0, 0, 1;
    %jmp/0xz  T_4.0, 6;
    %vpi_call/w 3 50 "$display", "Branch should be held low on reset" {0 0 0};
    %vpi_call/w 3 51 "$finish" {0 0 0};
T_4.0 ;
    %wait E_0x55e82f281c00;
    %pushi/vec4 1, 0, 1;
    %store/vec4 v0x55e82f2cfb70_0, 0, 1;
    %wait E_0x55e82f281c00;
    %pushi/vec4 0, 0, 32;
    %store/vec4 v0x55e82f2cfab0_0, 0, 32;
T_4.2 ;
    %load/vec4 v0x55e82f2cfab0_0;
    %cmpi/s 255, 0, 32;
    %jmp/0xz T_4.3, 5;
    %load/vec4 v0x55e82f2cfab0_0;
    %pad/s 8;
    %store/vec4 v0x55e82f2cf6d0_0, 0, 8;
    %wait E_0x55e82f281c00;
    %load/vec4 v0x55e82f2cf790_0;
    %cmpi/ne 0, 0, 1;
    %jmp/0xz  T_4.4, 6;
    %vpi_call/w 3 65 "$display", "Branch should not be taken on reset condition" {0 0 0};
    %vpi_call/w 3 66 "$finish" {0 0 0};
T_4.4 ;
    ; show_stmt_assign_vector: Get l-value for compressed += operand
    %load/vec4 v0x55e82f2cfab0_0;
    %pushi/vec4 1, 0, 32;
    %add;
    %cast2;
    %store/vec4 v0x55e82f2cfab0_0, 0, 32;
    %jmp T_4.2;
T_4.3 ;
    %wait E_0x55e82f281c00;
    %pushi/vec4 0, 0, 32;
    %store/vec4 v0x55e82f2cfab0_0, 0, 32;
T_4.6 ;
    %load/vec4 v0x55e82f2cfab0_0;
    %cmpi/s 255, 0, 32;
    %jmp/0xz T_4.7, 5;
    %load/vec4 v0x55e82f2cfab0_0;
    %pad/s 8;
    %store/vec4 v0x55e82f2cfc10_0, 0, 8;
    %pushi/vec4 1, 0, 1;
    %store/vec4 v0x55e82f2cfa10_0, 0, 1;
    %pushi/vec4 1, 0, 1;
    %store/vec4 v0x55e82f2cfcb0_0, 0, 1;
    %wait E_0x55e82f281c00;
    %pushi/vec4 0, 0, 1;
    %store/vec4 v0x55e82f2cfcb0_0, 0, 1;
    %load/vec4 v0x55e82f2cfab0_0;
    %pad/s 8;
    %store/vec4 v0x55e82f2cf6d0_0, 0, 8;
    %wait E_0x55e82f281c00;
    %load/vec4 v0x55e82f2cf790_0;
    %cmpi/ne 1, 0, 1;
    %jmp/0xz  T_4.8, 6;
    %ix/getv/s 4, v0x55e82f2cfab0_0;
    %load/vec4a v0x55e82f2acbd0, 4;
    %parti/s 1, 1, 2;
    %vpi_call/w 3 86 "$display", "Branch did not correctly move to weak taken state %x", S<0,vec4,u1> {1 0 0};
    %vpi_call/w 3 87 "$finish" {0 0 0};
T_4.8 ;
    %pushi/vec4 0, 0, 1;
    %store/vec4 v0x55e82f2cfa10_0, 0, 1;
    %pushi/vec4 1, 0, 1;
    %store/vec4 v0x55e82f2cfcb0_0, 0, 1;
    %wait E_0x55e82f281c00;
    %pushi/vec4 0, 0, 1;
    %store/vec4 v0x55e82f2cfcb0_0, 0, 1;
    %wait E_0x55e82f281c00;
    %load/vec4 v0x55e82f2cf790_0;
    %cmpi/ne 0, 0, 1;
    %jmp/0xz  T_4.10, 6;
    %ix/getv/s 4, v0x55e82f2cfab0_0;
    %load/vec4a v0x55e82f2acbd0, 4;
    %parti/s 1, 1, 2;
    %vpi_call/w 3 97 "$display", "Branch did not correctly move to weak not taken state %x", S<0,vec4,u1> {1 0 0};
    %vpi_call/w 3 98 "$finish" {0 0 0};
T_4.10 ;
    ; show_stmt_assign_vector: Get l-value for compressed += operand
    %load/vec4 v0x55e82f2cfab0_0;
    %pushi/vec4 1, 0, 32;
    %add;
    %cast2;
    %store/vec4 v0x55e82f2cfab0_0, 0, 32;
    %jmp T_4.6;
T_4.7 ;
    %wait E_0x55e82f281c00;
    %pushi/vec4 0, 0, 32;
    %store/vec4 v0x55e82f2cfab0_0, 0, 32;
T_4.12 ;
    %load/vec4 v0x55e82f2cfab0_0;
    %cmpi/s 255, 0, 32;
    %jmp/0xz T_4.13, 5;
    %load/vec4 v0x55e82f2cfab0_0;
    %pad/s 8;
    %store/vec4 v0x55e82f2cfc10_0, 0, 8;
    %pushi/vec4 1, 0, 1;
    %store/vec4 v0x55e82f2cfa10_0, 0, 1;
    %pushi/vec4 1, 0, 1;
    %store/vec4 v0x55e82f2cfcb0_0, 0, 1;
    %wait E_0x55e82f281c00;
    %pushi/vec4 0, 0, 1;
    %store/vec4 v0x55e82f2cfcb0_0, 0, 1;
    %load/vec4 v0x55e82f2cfab0_0;
    %pad/s 8;
    %store/vec4 v0x55e82f2cf6d0_0, 0, 8;
    %wait E_0x55e82f281c00;
    %load/vec4 v0x55e82f2cf790_0;
    %cmpi/ne 1, 0, 1;
    %jmp/0xz  T_4.14, 6;
    %ix/getv/s 4, v0x55e82f2cfab0_0;
    %load/vec4a v0x55e82f2acbd0, 4;
    %parti/s 1, 1, 2;
    %vpi_call/w 3 116 "$display", "Branch did not correctly move to weak taken state %x", S<0,vec4,u1> {1 0 0};
    %vpi_call/w 3 117 "$finish" {0 0 0};
T_4.14 ;
    ; show_stmt_assign_vector: Get l-value for compressed += operand
    %load/vec4 v0x55e82f2cfab0_0;
    %pushi/vec4 1, 0, 32;
    %add;
    %cast2;
    %store/vec4 v0x55e82f2cfab0_0, 0, 32;
    %jmp T_4.12;
T_4.13 ;
    %wait E_0x55e82f281c00;
    %pushi/vec4 0, 0, 32;
    %store/vec4 v0x55e82f2cfab0_0, 0, 32;
T_4.16 ;
    %load/vec4 v0x55e82f2cfab0_0;
    %cmpi/s 255, 0, 32;
    %jmp/0xz T_4.17, 5;
    %load/vec4 v0x55e82f2cfab0_0;
    %pad/s 8;
    %store/vec4 v0x55e82f2cfc10_0, 0, 8;
    %pushi/vec4 1, 0, 1;
    %store/vec4 v0x55e82f2cfa10_0, 0, 1;
    %pushi/vec4 1, 0, 1;
    %store/vec4 v0x55e82f2cfcb0_0, 0, 1;
    %wait E_0x55e82f281c00;
    %pushi/vec4 0, 0, 1;
    %store/vec4 v0x55e82f2cfcb0_0, 0, 1;
    %load/vec4 v0x55e82f2cfab0_0;
    %pad/s 8;
    %store/vec4 v0x55e82f2cf6d0_0, 0, 8;
    %wait E_0x55e82f281c00;
    %load/vec4 v0x55e82f2cf790_0;
    %cmpi/ne 1, 0, 1;
    %jmp/0xz  T_4.18, 6;
    %ix/getv/s 4, v0x55e82f2cfab0_0;
    %load/vec4a v0x55e82f2acbd0, 4;
    %parti/s 1, 1, 2;
    %vpi_call/w 3 136 "$display", "Branch did not correctly move to strong taken state %x", S<0,vec4,u1> {1 0 0};
    %vpi_call/w 3 137 "$finish" {0 0 0};
T_4.18 ;
    ; show_stmt_assign_vector: Get l-value for compressed += operand
    %load/vec4 v0x55e82f2cfab0_0;
    %pushi/vec4 1, 0, 32;
    %add;
    %cast2;
    %store/vec4 v0x55e82f2cfab0_0, 0, 32;
    %jmp T_4.16;
T_4.17 ;
    %wait E_0x55e82f281c00;
    %pushi/vec4 0, 0, 32;
    %store/vec4 v0x55e82f2cfab0_0, 0, 32;
T_4.20 ;
    %load/vec4 v0x55e82f2cfab0_0;
    %cmpi/s 255, 0, 32;
    %jmp/0xz T_4.21, 5;
    %load/vec4 v0x55e82f2cfab0_0;
    %pad/s 8;
    %store/vec4 v0x55e82f2cfc10_0, 0, 8;
    %pushi/vec4 1, 0, 1;
    %store/vec4 v0x55e82f2cfa10_0, 0, 1;
    %pushi/vec4 1, 0, 1;
    %store/vec4 v0x55e82f2cfcb0_0, 0, 1;
    %wait E_0x55e82f281c00;
    %pushi/vec4 0, 0, 1;
    %store/vec4 v0x55e82f2cfcb0_0, 0, 1;
    %load/vec4 v0x55e82f2cfab0_0;
    %pad/s 8;
    %store/vec4 v0x55e82f2cf6d0_0, 0, 8;
    %wait E_0x55e82f281c00;
    %load/vec4 v0x55e82f2cf790_0;
    %cmpi/ne 1, 0, 1;
    %jmp/0xz  T_4.22, 6;
    %ix/getv/s 4, v0x55e82f2cfab0_0;
    %load/vec4a v0x55e82f2acbd0, 4;
    %parti/s 1, 1, 2;
    %vpi_call/w 3 156 "$display", "Branch did not correctly saturate in strong taken state %x", S<0,vec4,u1> {1 0 0};
    %vpi_call/w 3 157 "$finish" {0 0 0};
T_4.22 ;
    ; show_stmt_assign_vector: Get l-value for compressed += operand
    %load/vec4 v0x55e82f2cfab0_0;
    %pushi/vec4 1, 0, 32;
    %add;
    %cast2;
    %store/vec4 v0x55e82f2cfab0_0, 0, 32;
    %jmp T_4.20;
T_4.21 ;
    %wait E_0x55e82f281c00;
    %pushi/vec4 0, 0, 32;
    %store/vec4 v0x55e82f2cfab0_0, 0, 32;
T_4.24 ;
    %load/vec4 v0x55e82f2cfab0_0;
    %cmpi/s 255, 0, 32;
    %jmp/0xz T_4.25, 5;
    %load/vec4 v0x55e82f2cfab0_0;
    %pad/s 8;
    %store/vec4 v0x55e82f2cfc10_0, 0, 8;
    %pushi/vec4 1, 0, 1;
    %store/vec4 v0x55e82f2cfa10_0, 0, 1;
    %pushi/vec4 1, 0, 1;
    %store/vec4 v0x55e82f2cfcb0_0, 0, 1;
    %wait E_0x55e82f281c00;
    %pushi/vec4 0, 0, 1;
    %store/vec4 v0x55e82f2cfcb0_0, 0, 1;
    %load/vec4 v0x55e82f2cfab0_0;
    %pad/s 8;
    %store/vec4 v0x55e82f2cf6d0_0, 0, 8;
    %wait E_0x55e82f281c00;
    %load/vec4 v0x55e82f2cf790_0;
    %cmpi/ne 1, 0, 1;
    %jmp/0xz  T_4.26, 6;
    %ix/getv/s 4, v0x55e82f2cfab0_0;
    %load/vec4a v0x55e82f2acbd0, 4;
    %parti/s 1, 1, 2;
    %vpi_call/w 3 173 "$display", "Branch did not correctly saturate in strong taken state %x", S<0,vec4,u1> {1 0 0};
    %vpi_call/w 3 174 "$finish" {0 0 0};
T_4.26 ;
    ; show_stmt_assign_vector: Get l-value for compressed += operand
    %load/vec4 v0x55e82f2cfab0_0;
    %pushi/vec4 1, 0, 32;
    %add;
    %cast2;
    %store/vec4 v0x55e82f2cfab0_0, 0, 32;
    %jmp T_4.24;
T_4.25 ;
    %wait E_0x55e82f281c00;
    %pushi/vec4 0, 0, 32;
    %store/vec4 v0x55e82f2cfab0_0, 0, 32;
T_4.28 ;
    %load/vec4 v0x55e82f2cfab0_0;
    %cmpi/s 255, 0, 32;
    %jmp/0xz T_4.29, 5;
    %load/vec4 v0x55e82f2cfab0_0;
    %pad/s 8;
    %store/vec4 v0x55e82f2cfc10_0, 0, 8;
    %pushi/vec4 0, 0, 1;
    %store/vec4 v0x55e82f2cfa10_0, 0, 1;
    %pushi/vec4 1, 0, 1;
    %store/vec4 v0x55e82f2cfcb0_0, 0, 1;
    %wait E_0x55e82f281c00;
    %pushi/vec4 0, 0, 1;
    %store/vec4 v0x55e82f2cfcb0_0, 0, 1;
    %load/vec4 v0x55e82f2cfab0_0;
    %pad/s 8;
    %store/vec4 v0x55e82f2cf6d0_0, 0, 8;
    %wait E_0x55e82f281c00;
    %load/vec4 v0x55e82f2cf790_0;
    %cmpi/ne 1, 0, 1;
    %jmp/0xz  T_4.30, 6;
    %ix/getv/s 4, v0x55e82f2cfab0_0;
    %load/vec4a v0x55e82f2acbd0, 4;
    %parti/s 1, 1, 2;
    %vpi_call/w 3 192 "$display", "Branch did not correctly move to weak taken state %x", S<0,vec4,u1> {1 0 0};
    %vpi_call/w 3 193 "$finish" {0 0 0};
T_4.30 ;
    ; show_stmt_assign_vector: Get l-value for compressed += operand
    %load/vec4 v0x55e82f2cfab0_0;
    %pushi/vec4 1, 0, 32;
    %add;
    %cast2;
    %store/vec4 v0x55e82f2cfab0_0, 0, 32;
    %jmp T_4.28;
T_4.29 ;
    %wait E_0x55e82f281c00;
    %pushi/vec4 0, 0, 32;
    %store/vec4 v0x55e82f2cfab0_0, 0, 32;
T_4.32 ;
    %load/vec4 v0x55e82f2cfab0_0;
    %cmpi/s 255, 0, 32;
    %jmp/0xz T_4.33, 5;
    %load/vec4 v0x55e82f2cfab0_0;
    %pad/s 8;
    %store/vec4 v0x55e82f2cfc10_0, 0, 8;
    %pushi/vec4 0, 0, 1;
    %store/vec4 v0x55e82f2cfa10_0, 0, 1;
    %pushi/vec4 1, 0, 1;
    %store/vec4 v0x55e82f2cfcb0_0, 0, 1;
    %wait E_0x55e82f281c00;
    %pushi/vec4 0, 0, 1;
    %store/vec4 v0x55e82f2cfcb0_0, 0, 1;
    %load/vec4 v0x55e82f2cfab0_0;
    %pad/s 8;
    %store/vec4 v0x55e82f2cf6d0_0, 0, 8;
    %wait E_0x55e82f281c00;
    %load/vec4 v0x55e82f2cf790_0;
    %cmpi/ne 0, 0, 1;
    %jmp/0xz  T_4.34, 6;
    %ix/getv/s 4, v0x55e82f2cfab0_0;
    %load/vec4a v0x55e82f2acbd0, 4;
    %parti/s 1, 1, 2;
    %vpi_call/w 3 210 "$display", "Branch did not correctly move to weak not taken state %x", S<0,vec4,u1> {1 0 0};
    %vpi_call/w 3 211 "$finish" {0 0 0};
T_4.34 ;
    ; show_stmt_assign_vector: Get l-value for compressed += operand
    %load/vec4 v0x55e82f2cfab0_0;
    %pushi/vec4 1, 0, 32;
    %add;
    %cast2;
    %store/vec4 v0x55e82f2cfab0_0, 0, 32;
    %jmp T_4.32;
T_4.33 ;
    %wait E_0x55e82f281c00;
    %pushi/vec4 0, 0, 32;
    %store/vec4 v0x55e82f2cfab0_0, 0, 32;
T_4.36 ;
    %load/vec4 v0x55e82f2cfab0_0;
    %cmpi/s 255, 0, 32;
    %jmp/0xz T_4.37, 5;
    %load/vec4 v0x55e82f2cfab0_0;
    %pad/s 8;
    %store/vec4 v0x55e82f2cfc10_0, 0, 8;
    %pushi/vec4 0, 0, 1;
    %store/vec4 v0x55e82f2cfa10_0, 0, 1;
    %pushi/vec4 1, 0, 1;
    %store/vec4 v0x55e82f2cfcb0_0, 0, 1;
    %wait E_0x55e82f281c00;
    %pushi/vec4 0, 0, 1;
    %store/vec4 v0x55e82f2cfcb0_0, 0, 1;
    %load/vec4 v0x55e82f2cfab0_0;
    %pad/s 8;
    %store/vec4 v0x55e82f2cf6d0_0, 0, 8;
    %wait E_0x55e82f281c00;
    %load/vec4 v0x55e82f2cf790_0;
    %cmpi/ne 0, 0, 1;
    %jmp/0xz  T_4.38, 6;
    %ix/getv/s 4, v0x55e82f2cfab0_0;
    %load/vec4a v0x55e82f2acbd0, 4;
    %parti/s 1, 1, 2;
    %vpi_call/w 3 229 "$display", "Branch did not correctly move to strong not taken state %x", S<0,vec4,u1> {1 0 0};
    %vpi_call/w 3 230 "$finish" {0 0 0};
T_4.38 ;
    ; show_stmt_assign_vector: Get l-value for compressed += operand
    %load/vec4 v0x55e82f2cfab0_0;
    %pushi/vec4 1, 0, 32;
    %add;
    %cast2;
    %store/vec4 v0x55e82f2cfab0_0, 0, 32;
    %jmp T_4.36;
T_4.37 ;
    %wait E_0x55e82f281c00;
    %pushi/vec4 0, 0, 32;
    %store/vec4 v0x55e82f2cfab0_0, 0, 32;
T_4.40 ;
    %load/vec4 v0x55e82f2cfab0_0;
    %cmpi/s 255, 0, 32;
    %jmp/0xz T_4.41, 5;
    %load/vec4 v0x55e82f2cfab0_0;
    %pad/s 8;
    %store/vec4 v0x55e82f2cfc10_0, 0, 8;
    %pushi/vec4 0, 0, 1;
    %store/vec4 v0x55e82f2cfa10_0, 0, 1;
    %pushi/vec4 1, 0, 1;
    %store/vec4 v0x55e82f2cfcb0_0, 0, 1;
    %wait E_0x55e82f281c00;
    %pushi/vec4 0, 0, 1;
    %store/vec4 v0x55e82f2cfcb0_0, 0, 1;
    %load/vec4 v0x55e82f2cfab0_0;
    %pad/s 8;
    %store/vec4 v0x55e82f2cf6d0_0, 0, 8;
    %wait E_0x55e82f281c00;
    %load/vec4 v0x55e82f2cf790_0;
    %cmpi/ne 0, 0, 1;
    %jmp/0xz  T_4.42, 6;
    %ix/getv/s 4, v0x55e82f2cfab0_0;
    %load/vec4a v0x55e82f2acbd0, 4;
    %parti/s 1, 1, 2;
    %vpi_call/w 3 248 "$display", "Branch did not correctly move to strong not taken state %x", S<0,vec4,u1> {1 0 0};
    %vpi_call/w 3 249 "$finish" {0 0 0};
T_4.42 ;
    ; show_stmt_assign_vector: Get l-value for compressed += operand
    %load/vec4 v0x55e82f2cfab0_0;
    %pushi/vec4 1, 0, 32;
    %add;
    %cast2;
    %store/vec4 v0x55e82f2cfab0_0, 0, 32;
    %jmp T_4.40;
T_4.41 ;
    %pushi/vec4 0, 0, 32;
    %store/vec4 v0x55e82f2cfab0_0, 0, 32;
T_4.44 ;
    %load/vec4 v0x55e82f2cfab0_0;
    %cmpi/s 255, 0, 32;
    %jmp/0xz T_4.45, 5;
    %load/vec4 v0x55e82f2cfab0_0;
    %pad/s 8;
    %store/vec4 v0x55e82f2cfc10_0, 0, 8;
    %pushi/vec4 1, 0, 1;
    %store/vec4 v0x55e82f2cfa10_0, 0, 1;
    %pushi/vec4 1, 0, 1;
    %store/vec4 v0x55e82f2cfcb0_0, 0, 1;
    %wait E_0x55e82f281c00;
    %pushi/vec4 0, 0, 1;
    %store/vec4 v0x55e82f2cfcb0_0, 0, 1;
    %load/vec4 v0x55e82f2cfab0_0;
    %pad/s 8;
    %store/vec4 v0x55e82f2cf6d0_0, 0, 8;
    %wait E_0x55e82f281c00;
    %load/vec4 v0x55e82f2cf790_0;
    %cmpi/ne 0, 0, 1;
    %jmp/0xz  T_4.46, 6;
    %ix/getv/s 4, v0x55e82f2cfab0_0;
    %load/vec4a v0x55e82f2acbd0, 4;
    %parti/s 1, 1, 2;
    %vpi_call/w 3 266 "$display", "Branch did not correctly move to weak not taken state %x", S<0,vec4,u1> {1 0 0};
    %vpi_call/w 3 267 "$finish" {0 0 0};
T_4.46 ;
    ; show_stmt_assign_vector: Get l-value for compressed += operand
    %load/vec4 v0x55e82f2cfab0_0;
    %pushi/vec4 1, 0, 32;
    %add;
    %cast2;
    %store/vec4 v0x55e82f2cfab0_0, 0, 32;
    %jmp T_4.44;
T_4.45 ;
    %pushi/vec4 0, 0, 32;
    %store/vec4 v0x55e82f2cfab0_0, 0, 32;
T_4.48 ;
    %load/vec4 v0x55e82f2cfab0_0;
    %cmpi/s 255, 0, 32;
    %jmp/0xz T_4.49, 5;
    %load/vec4 v0x55e82f2cfab0_0;
    %pad/s 8;
    %store/vec4 v0x55e82f2cfc10_0, 0, 8;
    %pushi/vec4 1, 0, 1;
    %store/vec4 v0x55e82f2cfa10_0, 0, 1;
    %pushi/vec4 1, 0, 1;
    %store/vec4 v0x55e82f2cfcb0_0, 0, 1;
    %wait E_0x55e82f281c00;
    %pushi/vec4 0, 0, 1;
    %store/vec4 v0x55e82f2cfcb0_0, 0, 1;
    %load/vec4 v0x55e82f2cfab0_0;
    %pad/s 8;
    %store/vec4 v0x55e82f2cf6d0_0, 0, 8;
    %wait E_0x55e82f281c00;
    %load/vec4 v0x55e82f2cf790_0;
    %cmpi/ne 1, 0, 1;
    %jmp/0xz  T_4.50, 6;
    %ix/getv/s 4, v0x55e82f2cfab0_0;
    %load/vec4a v0x55e82f2acbd0, 4;
    %parti/s 1, 1, 2;
    %vpi_call/w 3 284 "$display", "Branch did not correctly move to weak taken state %x", S<0,vec4,u1> {1 0 0};
    %vpi_call/w 3 285 "$finish" {0 0 0};
T_4.50 ;
    ; show_stmt_assign_vector: Get l-value for compressed += operand
    %load/vec4 v0x55e82f2cfab0_0;
    %pushi/vec4 1, 0, 32;
    %add;
    %cast2;
    %store/vec4 v0x55e82f2cfab0_0, 0, 32;
    %jmp T_4.48;
T_4.49 ;
    %pushi/vec4 0, 0, 32;
    %store/vec4 v0x55e82f2cfab0_0, 0, 32;
T_4.52 ;
    %load/vec4 v0x55e82f2cfab0_0;
    %cmpi/s 255, 0, 32;
    %jmp/0xz T_4.53, 5;
    %load/vec4 v0x55e82f2cfab0_0;
    %pad/s 8;
    %store/vec4 v0x55e82f2cfc10_0, 0, 8;
    %pushi/vec4 1, 0, 1;
    %store/vec4 v0x55e82f2cfa10_0, 0, 1;
    %pushi/vec4 1, 0, 1;
    %store/vec4 v0x55e82f2cfcb0_0, 0, 1;
    %wait E_0x55e82f281c00;
    %pushi/vec4 0, 0, 1;
    %store/vec4 v0x55e82f2cfcb0_0, 0, 1;
    %load/vec4 v0x55e82f2cfab0_0;
    %pad/s 8;
    %store/vec4 v0x55e82f2cf6d0_0, 0, 8;
    %wait E_0x55e82f281c00;
    %load/vec4 v0x55e82f2cf790_0;
    %cmpi/ne 1, 0, 1;
    %jmp/0xz  T_4.54, 6;
    %ix/getv/s 4, v0x55e82f2cfab0_0;
    %load/vec4a v0x55e82f2acbd0, 4;
    %parti/s 1, 1, 2;
    %vpi_call/w 3 302 "$display", "Branch did not correctly move to strong taken state %x", S<0,vec4,u1> {1 0 0};
    %vpi_call/w 3 303 "$finish" {0 0 0};
T_4.54 ;
    ; show_stmt_assign_vector: Get l-value for compressed += operand
    %load/vec4 v0x55e82f2cfab0_0;
    %pushi/vec4 1, 0, 32;
    %add;
    %cast2;
    %store/vec4 v0x55e82f2cfab0_0, 0, 32;
    %jmp T_4.52;
T_4.53 ;
    %vpi_call/w 3 311 "$display", "Yahoo! All tests passed!" {0 0 0};
    %vpi_call/w 3 312 "$finish" {0 0 0};
    %end;
    .thread T_4;
    .scope S_0x55e82f248760;
T_5 ;
    %delay 5, 0;
    %load/vec4 v0x55e82f2cf830_0;
    %inv;
    %store/vec4 v0x55e82f2cf830_0, 0, 1;
    %jmp T_5;
    .thread T_5;
# The file index is used to find the file name in the following table.
:file_names 5;
    "N/A";
    "<interactive>";
    "-";
    "tb/bpcache_tb.sv";
    "cache/bpcache.sv";
